[2026-03-18 14:31:13] Document creation
---
2026-01-28|Встреча с кадровым центром|Внутриколледжный|Железногорский горно-металлургический колледж|Мастер-класс(MK)|Очный(Oч)|Мастер-класс «Эффективное резюме: как написать идеальный документ для поиска работы»|https://vk.com/wall-113103317_9744|Развитие лидерских качеств(RЛК)
---
2026-01-28|Областная олимпиада по английскому языку|Внутриколледжный|Центр опережающей профподготовки|Творческий конкурс(ТворКон), Олимпиада(Олим)|Очный(Oч)|Студент Даниил Альянов занял достойное место в областной олимпиаде по иностранному языку|https://vk.com/wall-113103317_9730|Естественно-научная направленность(ЕНН)
---
2026-01-26|Викторина «Своя игра»|Внутриколледжный|Аудитория № 113|Игра(Игр)|Очный(Oч)|Интеллектуальная викторина среди студентов группы ГЭМ-24-2|Соцсети колледжа|Развлечение(Рл)
---
2026-01-26|Тренинг «Все в твоих руках»|Внутриколледжный|аудитория № 204|Тренинг(Tрн)|Очный(Oч)|Психологический тренинг для группы ИСП-25, проводит психолог Якименко Е.А.|Соцсети колледжа|Безопасность жизнедеятельности и здоровый образ жизни(БЖД)
--------------------------------------------------
[2026-03-18 14:41:07] Document creation
**Запись 1:**
2026-01-28|Мастер-класс «Эффективное резюме»|Внутриколледжный|Железногорский горно-металлургический колледж|КлЧ|Очный|Студенты составили резюме на сайте, узнали про сайт Работа в России|https://vk.com/wall-113103317_9744|Развитие лидерских качеств(РЛК)

**Запись 2:**
2026-01-28|Областная олимпиада по английскому языку|Внутриколледжный|Центр опережающей профподготовки|Тренировка(Дистанционная)|Дистанционный|Участник занял достойное место, показал хорошие знания английского языка|https://vk.com/wall-113103317_9730|Творческая направленность(ТН)

**Запись 3:**
2026-01-26|Викторина «Своя игра»|Внутриколледжный|Аудитория № 113|Конкурс|Очный|Участвовали студенты группы ГЭМ-24-2|Соцсети колледжа|Естественно-научная направленность(ЕНН)

**Запись 4:**
2026-01-26|Тренинг «Все в твоих руках»|Внутриколледжный|аудитория № 204|Классный час(КлЧ)|Очный|Психолог Якименко Е.А. провела тренинг личностного роста|Соцсети колледжа|Безопасность жизнедеятельности и здоровый образ жизни(БЖД)
--------------------------------------------------
[2026-03-18 14:42:09] Document creation
2026-01-21 | Юмористический судебный процесс | Колледж | ЖГМК | Игра | Очный(Оч) | Комичная судебная игра студентов | https://vk.com/wall-113103317_9632 | Развлечение  
2026-01-15 | Встреча с кадровым центром | Колледж | ЖГМК | Презентация(Pрез) | Очный(Оч) | Информирование студентов о поддержке безработных | https://vk.com/wall-113103317_9608 | ЦНП  
2026-01-26 | Всероссийский день флага РФ | Область | Холм 3, 1 корпус | Акция(Акц) | Очный(Оч) | Торжественный подъем флага РФ | Соцсети колледжа | БЖД  
2026-01-26 | «Разговоры о важном» | Колледж | Аудитория по расписанию | Мастер-класс(МК) | Очный(Оч) | Советы по составлению резюме | Соцсети колледжа | ЦНП
--------------------------------------------------
[2026-03-18 19:12:44] Document creation
2026-01-30|Подготовка к конкурсу по компетенции «Программные решения для бизнеса»|Колледж|Студия разработки|ИН|Оч|Разработка приложения на C#, подготовка к чемпионату профессионалов|https://vk.com/wall-113103317_9742|ЕНН
2026-01-28|Участие в областной олимпиаде по английскому языку|Область|Центр ОПП|ИН|Оч|Олимпиада по иностранному языку, проверка уровня знаний и навыков английского языка|https://vk.com/wall-113103317_9730|ТН
2026-01-29|Подготовка к Чемпионату «Профессионалы» по автоматизации процессов|Колледж|Лаборатория 1С|ИН|Оч|Изучение платформы 1С, автоматизация бизнес-процессов|https://vk.com/wall-113103317_9724|ЕНН
2026-01-28|Подготовка к региональному этапу чемпионата «Профессионалы» по веб-технологиям|Колледж|Компьютерный класс|ИН|Оч|Совершенствование навыков веб-разработки|https://vk.com/wall-113103317_9720|ТН
--------------------------------------------------
[2026-03-20 11:19:24] Image: 2026-03-02_-113103317_9886.jpg
Внес государственного флага РФ | Внес государственного флага РФ. | Холл 3 этажа 1 корпуса | 
Разговоры в высоком стиле | Разговоры в высоком стиле на тему "Цифровой щит". Основные правила безопасности в сети Интернет. | в кабинетах по основному расписанию | 
Экскурсия студентов специальности | Экскурсия студентов специальности "Технология машиностроения" на предприятие АО "Машиностроительный завод им. А.В. Варичева". |  | ТМ-25
Тренинг "Скажи тревоге: Нет!" | Тренинг "Скажи тревоге: Нет!". Аудитория № 204. | Аудитория № 204 | ОД-24
Интерактивная викторина | Интерактивная викторина "До дна пишешь" в читальном зале. | читальный зал | ПД-23-2, И-23, ПД-23
Экскурсия | Экскурсия "От Колумба до венца". Железногорский краеведческий музей. | Железногорский краеведческий музей | ПД-22
Тренинг "Скажи тревоге: Нет!" | Тренинг "Скажи тревоге: Нет!". Аудитория № 204. | Аудитория № 204 | 
Мастер-класс | Мастер-класс "Дарите женщинам цветы". Создаем букеты своими руками: изготовление цветочных композиций из сенной (пушистой) проволоки. Место проведения: общежитие. | общежитие | 
Областная фестиваль | Областная фестиваль "Опыты, знания, креатив - траектория успеха" для студентов СПО Курского автотранспортного колледжа и специальностей автотехнического направления. | Курский автотехнический колледж | 
Встреча с представителями | Встреча с представителями компании "КМАРДА". г. Губкин, Белгородская обл. |  | 
Викторина | Викторина "Первые первые!". Аудитория № 314. | Аудитория № 314 | ПД-24, ТОР-24
Тренинг "Скажи тревоге: Нет!" | Тренинг "Скажи тревоге: Нет!". Аудитория № 204. | Аудитория № 204 | 
Мастер-класс | Мастер-класс "Нейрогимнастика для мозга". Проводит куратор М. М. Дудорова. |  | 
Экскурсия | Экскурсия "От Колумба до венца". Железногорский краеведческий музей. | Железногорский краеведческий музей | ОП-25
--------------------------------------------------
[2026-03-20 11:19:37] Image: 2026-03-10_-113103317_9939.jpg
Тренинг «Скажи тревоге: Нет!» | Аудитория № 204 | Аудитория № 204 | ИСП-24
Экскурсия «От колыбели до венца» | Железногорский краеведческий музей | Железногорский краеведческий музей | ОПТ-23
Тренинг «Скажи тревоге: Нет!» | Аудитория № 30, 2 корпус | Аудитория № 30, 2 корпус | ИСП-24
Экскурсия «От колыбели до венца» | Железногорский краеведческий музей | Железногорский краеведческий музей | ТОР-24
Тренинг «Скажи тревоге: Нет!» | Аудитория № 204 | Аудитория № 204 | ГЭМ-24-2
Мастер класс «В гармонии с собой» | Проводит Митяев Г.Б. Аудитория № 127 | Аудитория № 127 | 
Экскурсия «От колыбели до венца» | Железногорский краеведческий музей | Железногорский краеведческий музей | СА-25
Тренинг «Скажи тревоге: Нет!» | кабинет № 32, 2 корпус | кабинет № 32, 2 корпус | ПД-24-1
Мастер класс от VR-студии «Свободная арена» | Аудитория № 540 | Аудитория № 540 | 
Экскурсия «От колыбели до венца» | Железногорский краеведческий музей | Железногорский краеведческий музей | ИСП(в)-25
--------------------------------------------------
[2026-03-20 11:19:55] Image: 2026-03-16_-113103317_9978.jpg
Экскурсия по колледжу | Экскурсия по колледжу для школьников 9 классов школ города | колледж | 
Экскурсия «От Колыбели до венца» | Железногорский краеведческий музей | Железногорский краеведческий музей | И-24, СА-23
Открытие мемориальной «Партии Героя», посвященной Дню моряка-подводника | Музей колледжа | Музей колледжа | ОПИ-16
Экскурсия «От Колыбели до венца» | Железногорский краеведческий музей | Железногорский краеведческий музей | СА-24
Тренинг «Скажи тревоге: Нет!» | Аудитория 2 корпус, кабинет №7 | Аудитория 2 корпус, кабинет №7 | СЗ-24
Мастер Класс «Химия» | Мастер Класс «Химия: создай свой спецэффект» проводит преподаватель химии Попова Ю.О. |  | 
Экскурсия по колледжу | Экскурсия по колледжу для школьников 9 классов школ города | колледж | 
Экскурсия «От Колыбели до венца» | Железногорский краеведческий музей | Железногорский краеведческий музей | И-24, СА-23
Открытие мемориальной «Партии Героя», посвященной Дню моряка-подводника | Музей колледжа | Музей колледжа | ОПИ-16
Экскурсия «От Колыбели до венца» | Железногорский краеведческий музей | Железногорский краеведческий музей | СА-24
Тренинг «Скажи тревоге: Нет!» | кабинет №30, 2 корпус | кабинет №30, 2 корпус | ПД-24-2
Экскурсия «От Колыбели до венца» | Железногорский краеведческий музей | Железногорский краеведческий музей | ГЭМ-25-2
Экскурсия по колледжу | Экскурсия по колледжу для школьников 9 классов школ города | колледж | 
Экскурсия «От Колыбели до венца» | Железногорский краеведческий музей | Железногорский краеведческий музей | СА-25
--------------------------------------------------
[2026-03-20 11:28:20] Document creation
2026-03-15 | Экскурсия по Эрмитажу | Колледж | Онлайн | КлЧ | Дист | Студенты познакомились с коллекциями старинного искусства, узнали интересные факты и получили новые знания об искусстве | https://vk.com/wall-235799668_98 | ТН
2026-03-15 | Просмотр фильма «Художественный 1941. Крылья над Берлином» | Колледж | Аудитория колледжа | КлЧ | Оч | Документальный просмотр фильма о подвигах советских летчиков во время войны, воспитывающий патриотические чувства | https://vk.com/wall-235799668_97 | ГПВ
2026-03-07 | Просмотр фильма «Заповедная зона. Тутаев» | Колледж | Аудитория колледжа | КлЧ | Оч | Лекция-дискуссия о значении бережного отношения к историческому наследию и борьбе с современным экстремизмом | https://vk.com/wall-235799668_73 | ДНВ
2026-03-07 | Вебинар «Информационная безопасность в мессенджерах и соцсетях» | Колледж | Онлайн | КлЧ | Дист | Разбор правил информационной безопасности в интернете | https://vk.com/wall-235799668_71 | БЖД
2026-03-03 | Уборка аудитории | Колледж | Аудитория 529 | КлЧ | Оч | Совместная уборка класса силами студентов и преподавателя | https://vk.com/wall-235799668_60 | -
2026-03-03 | Просмотр фильма «Далёкое близкое» | Колледж | Аудитория колледжа | КлЧ | Оч | Документальное кино о защите природы и борьбе с преступностью, формирующее активную жизненную позицию | https://vk.com/wall-235799668_57 | ЭН
--------------------------------------------------
[2026-03-26 12:19:55] Document creation
**2026-03-20 | Выставка «От колыбели до венца» | Колледж | Железногорский краеведческий музей | Информ.экскурсия | Очно | Посещение выставки позволило студентам расширить кругозор и узнать больше о традициях и культуре региона | https://vk.com/wall-113103317_10001 | ГПВ**

**2026-03-23 | Уборка аудитории 529 | Колледж | Аудитория 529 | Иные формы | Очный | Студенты привели аудиторию в порядок, создав приятную и комфортную обстановку для занятий | https://vk.com/wall-235799668_115 | БЖД**

**2026-03-20 | Просмотр фильма «Каруза» | Колледж | Кинозал колледжа | Просмотр фильма | Очный | Эмоционально насыщенная история дружбы мальчика и собаки помогла студентам почувствовать сопричастность к событиям прошлого и осознать важность взаимопомощи | https://vk.com/wall-235799668_108 | ДНВ**

**2026-03-15 | Виртуальная экскурсия по Эрмитажу | Колледж | Онлайн-экскурсия | Дистанционно | Дистанционный | Позволила студентам познакомиться с шедеврами мирового искусства и углубить знания в области культуры и истории | https://vk.com/wall-235799668_98 | ЕНН**

**2026-03-15 | Просмотр фильма «Художественный 1941. Крылья над Берлином» | Колледж | Кинозал колледжа | Просмотр фильма | Очный | Документальное кино о подвигах советских летчиков помогло студентам осознать значимость памяти о Великой Отечественной войне | https://vk.com/wall-235799668_97 | ГПВ**

**2026-03-07 | Документальный фильм «Заповедная зона. Тутаев» | Колледж | Кинозал колледжа | Просмотр фильма | Очный | Лента вызвала обсуждение среди студентов о бережном отношении к историческому наследию и значении сохранения памяти о прошлом | https://vk.com/wall-235799668_73 | ДНВ**

**2026-03-07 | Вебинар «Информационная безопасность в мессенджерах и соцсетях» | Колледж | Онлайн-вебинар | Дистанционно | Дистанционный | Разъяснил участникам основные принципы защиты личной информации и безопасности в интернете | https://vk.com/wall-235799668_71 | БЖД**

**2026-03-03 | Уборка аудитории 529 | Колледж | Аудитория 529 | Иные формы | Очный | Совместная уборка кабинета способствовала созданию комфортной обстановки для учебы и общения | https://vk.com/wall-235799668_60 | БЖД**

**2026-03-03 | Просмотр фильма «ДАЛЁКОЕ БЛИЗКОЕ» | Колледж | Кинозал колледжа | Просмотр фильма | Очный | История о защите природы и борьбе с преступностью произвела сильное впечатление на студентов, показав важность активной гражданской позиции | https://vk.com/wall-235799668_57 | ТН
--------------------------------------------------
[2026-03-26 13:00:30] Document creation
2026-03-24|Интерактивная игра «1418»|Колледж|Онлайн|ИН|Дист|Уникальная онлайн-игра, посвященная Великой Отечественной войне, способствующая подготовке студентов к Диктанту Победы|https://vk.com/wall-113103317_10015|ГПВ
2026-03-23|Уборка аудитории 547|Колледж|Аудитория 547|ИН|Оч|Студенты группы И-25 привели аудиторию в порядок, создав комфортные условия для занятий|https://vk.com/wall-235799668_117|БЖД
2026-03-20|Просмотр фильма «Каруза»|Колледж|Кинозал колледжа|ИН|Оч|Светлый и трогательный фильм о собаке, спасшей людей во время блокады Ленинграда, вызвал сильные эмоции у зрителей|https://vk.com/wall-235799668_108|ТН
2026-03-20|Просмотр фильма «Первый Оскар»|Колледж|Кинозал колледжа|ИН|Оч|Документальный фильм о студентах-фронтовиках, снимающих битву за Москву, получил положительные отзывы зрителей|https://vk.com/wall-235799668_107|ЕНН
2026-03-15|Виртуальная экскурсия по Эрмитажу|Колледж|Веб-платформа|ИН|Дист|Студенты познакомились с коллекциями старинного искусства, углубив свои знания об искусстве|https://vk.com/wall-235799668_98|ЭН
2026-03-15|Просмотр фильма «Художественный 1941. Крылья над Берлином»|Колледж|Кинозал колледжа|ИН|Оч|Фильм о подвигах советских летчиков, рассказывающий о важности сохранения исторической памяти|https://vk.com/wall-235799668_97|БЖД
2026-03-07|Документальный фильм «ДАЛЁКОЕ БЛИЗКОЕ»|Колледж|Кинозал колледжа|ИН|Оч|История о современных героях, защищающих природу и борющихся с преступностью, воспитывающая активную жизненную позицию|https://vk.com/wall-235799668_72|ДНВ
2026-03-07|Вебинар «Информационная безопасность в мессенджерах и соцсетях»|Колледж|Онлайн|ИН|Дист|Обучение правилам информационной безопасности в интернете, включая защиту личных данных и использование соцсетей|https://vk.com/wall-235799668_71|БЖД
2026-03-03|Поддержание порядка в аудитории 547|Колледж|Аудитория 547|ИН|Оч|Группа И-25 поддержала чистоту и порядок в учебной аудитории после субботника|https://vk.com/wall-235799668_59|БЖД
2026-03-03|Онлайн-экскурсия по Курскому краеведческому музею|Колледж|Онлайн|ИН|Дист|Студенты группы И-25 узнали много нового о родном крае и получили яркие впечатления|https://vk.com/wall-235799668_58|ЭН
--------------------------------------------------
[2026-04-27 10:11:56] Image: 2026-03-02_-113103317_9886.jpg
Внес государственного флага РФ | Внес государственного флага РФ. | Холл 3 этажа 1 корпуса | 
Разговоры в высоком стиле | Разговоры в высоком стиле на тему "Цифровой щит". Основные правила безопасности в сети Интернет. | в кабинетах по основному расписанию | 
Экскурсия студентов специальности | Экскурсия студентов специальности "Технология машиностроения" на предприятие АО "Машиностроительный завод им. А.В. Варичева". |  | ТМ-25
Тренинг "Скажи тревоге: Нет!" | Тренинг "Скажи тревоге: Нет!". Аудитория № 204. | Аудитория № 204 | ОД-24
Интерактивная викторина | Интерактивная викторина "До дна пишешь" в читальном зале. | читальный зал | ПД-23-2, И-23, ПД-23
Экскурсия | Экскурсия "От Колывани до Венца". Железногорский краеведческий музей. | Железногорский краеведческий музей | ПД-22
Торговая встреча по настольному теннису | Торговая встреча по настольному теннису среди юношей и девушек команды ЖМК и ЖПК (по отдельному списку). |  | 
Разговоры в высоком стиле | Разговоры в высоком стиле на тему "Цифровой щит". Основные правила безопасности в сети Интернет. | в кабинетах по основному расписанию | 
Экскурсия студентов специальности | Экскурсия студентов специальности "Технология машиностроения" на предприятие АО "Машиностроительный завод им. А.В. Варичева". |  | ТМ-25
Тренинг "Скажи тревоге: Нет!" | Тренинг "Скажи тревоге: Нет!". Аудитория № 204. | Аудитория № 204 | ОД-24
Интерактивная викторина | Интерактивная викторина "До дна пишешь" в читальном зале. | читальный зал | ПД-23-2, И-23, ПД-23
Экскурсия | Экскурсия "От Колывани до Венца". Железногорский краеведческий музей. | Железногорский краеведческий музей | ПД-22
Торговая встреча по настольному теннису | Торговая встреча по настольному теннису среди юношей и девушек команды ЖМК и ЖПК (по отдельному списку). |  | 
Разговоры в высоком стиле | Разговоры в высоком стиле на тему "Цифровой щит". Основные правила безопасности в сети Интернет. | в кабинетах по основному расписанию | 
Экскурсия студентов специальности | Экскурсия студентов специальности "Технология машиностроения" на предприятие АО "Машиностроительный завод им. А.В. Варичева". |  | ТМ-25
Тренинг "Скажи тревоге: Нет!" | Тренинг "Скажи тревоге: Нет!". Аудитория № 204. | Аудитория № 204 | ОД-24
Интерактивная викторина | Интерактивная викторина "До дна пишешь" в читальном зале. | читальный зал | ПД-23-2, И-23, ПД-23
Экскурсия | Экскурсия "От Колывани до Венца". Железногорский краеведческий музей. | Железногорский краеведческий музей | ПД-22
Торговая встреча по настольному теннису | Торговая встреча по настольному теннису среди юношей и девушек команды ЖМК и ЖПК (по отдельному списку). |  | 
Разговоры в высоком стиле | Разговоры в высоком стиле на тему "Цифровой щит". Основные правила безопасности в сети Интернет. | в кабинетах по основному расписанию | 
Экскурсия студентов специальности | Экскурсия студентов специальности "Технология машиностроения" на предприятие АО "Машиностроительный завод им. А.В. Варичева". |  | ТМ-25
Тренинг "Скажи тревоге: Нет!" | Тренинг "Скажи тревоге: Нет!". Аудитория № 204. | Аудитория № 204 | ОД-24
Интерактивная викторина | Интерактивная викторина "До дна пишешь" в читальном зале. | читальный зал | ПД-23-2, И-23, ПД-23
Экскурсия | Экскурсия "От Колывани до Венца". Железногорский краеведческий музей. | Железногорский краеведческий музей | ПД-22
Торговая встреча по настольному теннису | Торговая встреча по настольному теннису среди юношей и девушек команды ЖМК и ЖПК (по отдельному списку). |  | 
Разговоры в высоком стиле | Разговоры в высоком стиле на тему "Цифровой щит". Основные правила безопасности в сети Интернет. | в кабинетах по основному расписанию | 
Экскурсия студентов специальности | Экскурсия студентов специальности "Технология машиностроения" на предприятие АО "Машиностроительный завод им. А.В. Варичева". |  | ТМ-25
Тренинг "Скажи тревоге: Нет!" | Тренинг "Скажи тревоге: Нет!". Аудитория № 204. | Аудитория № 204 | ОД-24
Интерактивная викторина | Интерактивная викторина "До дна пишешь" в читальном зале. | читальный зал | ПД-23-2, И-23, ПД-23
Экскурсия | Экскурсия "От Колывани до Венца". Железногорский краеведческий музей. | Железногорский краеведческий музей | ПД-22
Торговая встреча по настольному теннису | Торговая встреча по настольному теннису среди юношей и девушек команды ЖМК и ЖПК (по отдельному списку). |  | 
Разговоры в высоком стиле | Разговоры в высоком стиле на тему "Цифровой щит". Основные правила безопасности в сети Интернет. | в кабинетах по основному расписанию | 
Экскурсия студентов специальности | Экскурсия студентов специальности "Технология машиностроения" на предприятие АО "Машиностроительный завод им. А.В. Варичева". |  | ТМ-25
Тренинг "Скажи тревоге: Нет!" | Тренинг "Скажи тревоге: Нет!". Аудитория № 204. | Аудитория № 204 | ОД-24
Интерактивная викторина | Интерактивная викторина "До дна пишешь" в читальном зале. | читальный зал | ПД-23-2, И-23, ПД-23
Экскурсия | Экскурсия "От Колывани до Венца". Железногорский краеведческий музей. | Железногорский краеведческий музей | ПД-22
Торговая встреча по настольному теннису | Торговая встреча по настольному теннису среди юношей и девушек команды ЖМК и ЖПК (по отдельному списку). |  | 
Разговоры в высоком стиле | Разговоры в высоком стиле на тему "Цифровой щит". Основные правила безопасности в сети Интернет. | в кабинетах по основному расписанию | 
Экскурсия студентов специальности | Экскурсия студентов специальности "Технология машиностроения" на предприятие АО "Машиностроительный завод им. А.В. Варичева". |  | ТМ-25
Тренинг "Скажи тревоге: Нет!" | Тренинг "Скажи тревоге: Нет!". Аудитория № 204. | Аудитория № 204 | ОД-24
Интерактивная викторина | Интерактивная викторина "До дна пишешь" в читальном зале. | читальный зал | ПД-23-2, И-23, ПД-23
Экскурсия | Экскурсия "От Колывани до Венца". Железногорский краеведческий музей. | Железногорский краеведческий музей | ПД-22
Торговая встреча по настольному теннису | Торговая встреча по настольному теннису среди юношей и девушек команды ЖМК и ЖПК (по отдельному списку). |  | 
Разговоры в высоком стиле | Разговоры в высоком стиле на тему "Цифровой щит". Основные правила безопасности в сети Интернет. | в кабинетах по основному расписанию | 
Экскурсия студентов специальности | Экскурсия студентов специальности "Технология машиностроения" на предприятие АО "Машиностроительный завод им. А.В. Варичева". |  | ТМ-25
Тренинг "Скажи тревоге: Нет!" | Тренинг "Скажи тревоге: Нет!". Аудитория № 204. | Аудитория № 204 | ОД-24
Интерактивная викторина | Интерактивная викторина "До дна пишешь" в читальном зале. | читальный зал | ПД-23-2, И-23, ПД-23
Экскурсия | Экскурсия "От Колывани до Венца". Железногорский краеведческий музей. | Железногорский краеведческий музей | ПД-22
Торговая встреча по настольному теннису | Торговая встреча по настольному теннису среди юношей и девушек команды ЖМК и ЖПК (по отдельному
--------------------------------------------------
[2026-04-27 10:12:11] Image: 2026-03-10_-113103317_9939.jpg
Тренинг «Скажи тревоге: Нет!» | Аудитория № 204 | Аудитория № 204 | ИСП-24
Экскурсия «От колыбели до венца» | Железногорский краеведческий музей | Железногорский краеведческий музей | ОПТ-23
Тренинг «Скажи тревоге: Нет!» | Кабинет № 30, 2 корпус | Кабинет № 30, 2 корпус | ИСП-24
Мастер класс «В гармонии с собой» | Аудитория № 27 | Аудитория № 27 | 
Экскурсия «От колыбели до венца» | Железногорский краеведческий музей | Железногорский краеведческий музей | СА-25
Тренинг «Скажи тревоге: Нет!» | Аудитория № 204 | Аудитория № 204 | ГЭМ-24-2
Мастер класс «В гармонии с собой» | Аудитория № 27 | Аудитория № 27 | 
Экскурсия «От колыбели до венца» | Железногорский краеведческий музей | Железногорский краеведческий музей | СА-25
Тренинг «Скажи тревоге: Нет!» | Кабинет № 32, 2 корпус | Кабинет № 32, 2 корпус | ПД-24-1
Мастер класс от VR-студии «Свободная арена» | Аудитория № 540 | Аудитория № 540 | 
Экскурсия «От колыбели до венца» | Железногорский краеведческий музей | Железногорский краеведческий музей | ИСП(в)-25
--------------------------------------------------
[2026-04-27 11:15:14] Image: 2026-03-02_-113103317_9886.jpg
Внес государственного флага РФ | Внес государственного флага РФ. | Холл 3 этажа 1 корпуса | 
Разговоры в высоком стиле | Разговоры в высоком стиле на тему "Цифровая щель". Основные правила безопасности в сети Интернет. | в кабинетах по основному расписанию | 
Экскурсия студентов специальности | Экскурсия студентов специальности "Технология машиностроения" на предприятие АО "Машиностроительный завод им. А.В. Варичева". |  | ТМ-25
Тренинг "Скажи тревоге: Нет!" | Тренинг "Скажи тревоге: Нет!". Аудитория № 204. Приглашается группа ОД-24. | Аудитория № 204 | ОД-24
Интерактивная викторина | Интерактивная викторина 'До дна пишешь' в читальном зале. | читальный зал | ПД-23-2, И-23, ПД-23
Экскурсия | Экскурсия "От Колывани до Венца". Железногорский краеведческий музей. | Железногорский краеведческий музей | ПД-22
Тренинг "Скажи тревоге: Нет!" | Тренинг "Скажи тревоге: Нет!". Аудитория № 204. Приглашается группа ОП-25. | Аудитория № 204 | ОП-25
Мастер-класс | Мастер-класс "Дарите женщинам цветы". Создаем подарки своими руками: изготовление цветочных композиций из сенной (пушистой) проволоки. Место проведения: общежитие. Приглашаются студенты, проживающие в общежитии. | общежитие | 
Областная фестиваль | Областная фестиваль "Опт, знания, креатив - траектория успеха" для студентов СПО Курского автотранспортного колледжа и специальностей автотехнического направления. Участвует команда колледжа. | Курский автотехнический колледж | 
Встреча с представителями | Встреча с представителями компании "КМАРДА". г. Губкин, Белгородская обл. Приглашаются группы ЧЗ-23-1 и ГЗ-23-1. |  | ЧЗ-23-1, ГЗ-23-1
Викторина | Викторина "Первые первые!". Приглашаются группы: Т-24 и ТОР-24. Аудитория № 314. | Аудитория № 314 | Т-24, ТОР-24
Тренинг "Скажи тревоге: Нет!" | Тренинг "Скажи тревоге: Нет!". Аудитория № 204. Приглашается группа ТМ-25. | Аудитория № 204 | ТМ-25
Мастер-класс | Мастер-класс "Нейрогимнастика для мозга". Проводит куратор М. М. Дудорова. Приглашаются все желающие. |  | 
Экскурсия | Экскурсия "От Колывани до Венца". Железногорский краеведческий музей. | Железногорский краеведческий музей | ОП-25
--------------------------------------------------
[2026-04-27 11:15:28] Image: 2026-03-10_-113103317_9939.jpg
Тренинг «Скажи тревоге: Нет!» | Аудитория № 204 | Аудитория № 204 | ИСП-24
Экскурсия «От колыбели до венца» | Железногорский краеведческий музей | Железногорский краеведческий музей | ОПТ-23
Тренинг «Скажи тревоге: Нет!» | Кабинет № 30, 2 корпус | Кабинет № 30, 2 корпус | ИСП-24
Мастер класс «В гармонии с собой» | Аудитория № 27 | Аудитория № 27 | 
Экскурсия «От колыбели до венца» | Железногорский краеведческий музей | Железногорский краеведческий музей | СА-25
Тренинг «Скажи тревоге: Нет!» | Аудитория № 204 | Аудитория № 204 | ГЭМ-24-2
Мастер класс «В гармонии с собой» | Аудитория № 27 | Аудитория № 27 | 
Экскурсия «От колыбели до венца» | Железногорский краеведческий музей | Железногорский краеведческий музей | 
Тренинг «Скажи тревоге: Нет!» | Кабинет № 32, 2 корпус | Кабинет № 32, 2 корпус | ПД-24-1
Мастер класс от VR-студии «Свободная арена» | Аудитория № 540 | Аудитория № 540 | 
Экскурсия «От колыбели до венца» | Железногорский краеведческий музей | Железногорский краеведческий музей | ИСП(в)-25
--------------------------------------------------
[2026-04-27 11:15:51] Image: 2026-03-16_-113103317_9978.jpg
Экскурсия по колледжу | Экскурсия по колледжу для школьников 9 классов школ города | колледж | 
Экскурсия «От колыбели до венца» | Железногорский краеведческий музей | Железногорский краеведческий музей | И-24, СА-23
Открытие мемориальной «Партии Героя», посвященной Дню моряка-подводника | Музей колледжа | Музей колледжа | ОПИ-16
Экскурсия «От колыбели до венца» | Железногорский краеведческий музей | Железногорский краеведческий музей | СА-24
Тренинг «Скажи тревоге: Нет!» | Аудитория 2 корпус, кабинет №7 | Аудитория 2 корпус, кабинет №7 | СЗ-24
Мастер Класс «Химия» | Мастер Класс «Химия: создай свой спецэффект» проводит преподаватель химии Попова Ю.О. |  | 
Экскурсия по колледжу | Экскурсия по колледжу для школьников 9 классов школ города | колледж | 
Экскурсия «От колыбели до венца» | Железногорский краеведческий музей | Железногорский краеведческий музей | И-24, СА-23
Открытие мемориальной «Партии Героя», посвященной Дню моряка-подводника | Музей колледжа | Музей колледжа | ОПИ-16
Экскурсия «От колыбели до венца» | Железногорский краеведческий музей | Железногорский краеведческий музей | СА-24
Тренинг «Скажи тревоге: Нет!» | кабинет №30, 2 корпус | кабинет №30, 2 корпус | ПД-24-2
Экскурсия по колледжу | Экскурсия по колледжу для школьников 9 классов школ города | колледж | 
Экскурсия «От колыбели до венца» | Железногорский краеведческий музей | Железногорский краеведческий музей | СА-25
--------------------------------------------------
[2026-04-27 11:16:05] Image: 2026-04-13_-113103317_10121.jpg
Всероссийский флаг РФ | Холл 3 этажа 1 корпуса (по отдельному списку) | 1 корпус | 
Разговор о важном | Тема 'Как справиться с волнением?' | кабинеты по основному расписанию | 
Областная олимпиада по дисциплине 'Инженерная графика' (техническое черчение) | Участвуют студенты 1-2 курсов профессиональных образовательных организаций Курской области |  | 
Областная олимпиада по русскому языку и культуре речи среди студентов 1-2 курсов профессиональных образовательных организаций Курской области |  | 
Тренинг 'Основы жизнестойкости' | 2 корпус, кабинет № 3 | ПД-23-1 | 
Тренинг 'Основы жизнестойкости' | Аудитория № 204 | ПД-23-1 | 
Экскурсия 'Космос между нами' | Железногорский краеведческий музей | группа ТО-25 | 
Экскурсия 'Космос между нами' | Железногорский краеведческий музей | группа ЭМ-25, ОДП-25 | 
Конкурс чтецов 'Родные голоса' | Участие по предварительной заявке | читальный зал | 
Час памяти 'Без срока давности' | До дня памяти жертв геноцида советского народа, совершенного нацистами и их пособниками в период Великой Отечественной войны 1941-1945 годов | Аудитория № 365 | И-24 | 
Игровая перемена 'Многоточие России' | 1 корпус, холл 2 этажа |  | 
Тренинг 'Основы жизнестойкости' | 2 корпус, кабинет № 20 | СЗ-23-23 |
--------------------------------------------------
[2026-04-27 11:16:21] Image: 2026-04-20_-113103317_10220.jpg
Внес государственного флага РФ | Холл 3 этажа 1 корпуса. Приглашаются представители групп (по отдельному списку) | Холл 3 этажа 1 корпуса | 
Разговоры о важном | Тема «День Земли — каждый день» в кабинетах по основному расписанию. | кабинеты по основному расписанию | 
Диктант Победы — международная историко-патриотическая акция | Диктант Победы — международная историко-патриотическая акция | читальный зал | 
Областная олимпиада по дисциплине «История» | ОБПОУ «Советский социально-аграрный техникум» |  | 
Волженская акция «Зарядись позитвом» | Волженская акция «Зарядись позитвом» |  | 
Экскурсия «Космос между нами» | Железногорский краеведческий музей |  | 
Классный час «Терроризм, как не стать жертвой вербовки» | Классный час «Терроризм, как не стать жертвой вербовки» |  | 
Экскурсия «Космос между нами» | Железногорский краеведческий музей |  | 
Экскурсия «Космос между нами» | Железногорский краеведческий музей |  | 
Тренинг «Основы жизнестойкости» | Тренинг «Основы жизнестойкости» |  | 
Всероссийская военно-патриотическая игра «Зарница 2.0» | Всероссийская военно-патриотическая игра «Зарница 2.0» |  | 
Областная олимпиада по дисциплине «Физическая культура» | ОБПОУ «Курский государственный политехнический колледж» |  | 
Диктант Победы — международная историко-патриотическая акция | Диктант Победы — международная историко-патриотическая акция | читальный зал | 
Всероссийский студенческий чемпионат по оказанию первой помощи | ВФГОУ «Курский государственный медицинский университет» Минздрава России, г. Курск | ВФГОУ «Курский государственный медицинский университет» Минздрава России, г. Курск |
--------------------------------------------------
[2026-04-27 11:16:37] Image: 2026-04-27_-113103317_10281.jpg
Внесение государственного флага РФ | Внесение государственного флага РФ в холл 3 этажа | холл 3 этажа | 
Приглашение представителей групп | Приглашение представителей групп (по отдельному списку) |  | 
«Разговоры о важном» | «Разговоры о важном» тема «Один не отстой!» | в кабинетах по основному расписанию | 
Конкурс выразительного чтения, посвященный Великой Победе | Конкурс выразительного чтения, посвященный Великой Победе | читальный зал | ПД-21-1, ПД-25-1, ОД-25, ТМ-25, СА-25
Областная олимпиада по дисциплине «Биология» | Курский электромеханический техникум |  | 
Коллективный поход в КЛ «Русь» | просмотр художественного фильма «Антей Ладога», посвященный 80-летию Великой Победы |  | ОП-25, ГЗ-25-2, ГЗ-25-2
Поисково - просветительское путешествие «Национальное имя России» | Поисково - просветительское путешествие «Национальное имя России» | библиотека | ПД-25-2
Конференция, посвященная Дню коренных малочисленных народов Российской Федерации | «Почему важно сохранять культуру?» | читальный зал | ПД-24-2
Поисково - просветительское путешествие «Национальное имя России» | Поисково - просветительское путешествие «Национальное имя России» | библиотека | ТО-25
«Русь вики»: русский язык — это код, в котором зашифрованы история и культура России | «Русь вики»: русский язык — это код, в котором зашифрованы история и культура России. Давайте проверим, сколько хорошо мы его знаем! Приглашаются все студенты колледжа. | холл 2 этажа 1 корпуса |
--------------------------------------------------
[2026-04-27 12:23:46] Document creation
2026-04-26 | Неделя психологии «Страничка психолога» | Колледж | Соцсети колледжа | КлЧ | Дист | Изучение стресса и способов борьбы с ним | https://vk.com/wall-113103317_10278 | ДНВ
2026-04-22 | Темная сторона искусственного интеллекта | Колледж | Ауд. 113 Колледжа | През | Оч | Урок по финансовой безопасности и защите от мошенничества с искусственным интеллектом | https://vk.com/wall-113103317_10238 | БЖД
2026-04-20 |  |  |  |  |  | Запись отсутствует | Соцсети колледжа |
2026-04-20 | Классный час «Терроризм, как не стать жертвой вербовки» | Колледж |  | КлЧ | Оч | Классный час по профилактике терроризма | https://vk.com/wall-113103317_10220 | ГПВ
2026-04-16 | Игровая перемена "Многоцветие России" | Колледж | Колледж | КлЧ | Оч | Интерактивное мероприятие по изучению культурного кода России | https://vk.com/wall-113103317_10144 | ТН
2026-04-13 | Выставка «Пасхальная радость» | Колледж | Колледж | КлЧ | Оч | Выставка пасхальных работ студентов и их семей | https://vk.com/wall-113103317_10122 | ЭН
2026-04-12 | Конкурс тематических газет "К звёздам - первыми!" | Колледж | Колледж | КлЧ | Оч | Творческий конкурс по истории освоения космоса | https://vk.com/wall-113103317_10118 | ТН
2026-04-15 | Операция «Чистое поколение – 2026» | Колледж | Колледж | Рег | Оч | Антинаркотическая операция по профилактике наркопотребления | https://vk.com/wall-113103317_10094 | БЖД
2026-04-06 | Продолжение урока по финансовой безопасности «Темная сторона искусственного интеллекта» | Колледж | Колледж | През | Оч | Повторный урок по защите от финансовых угроз с использованием ИИ | https://vk.com/wall-113103317_10085 | БЖД
2026-04-12 | День космонавтики | Колледж | Колледж | КлЧ | Оч | Мероприятие, посвящённое первому полёту человека в космос | https://vk.com/wall-113103317_10084 | ТН
--------------------------------------------------
