Домены для сканирования: ['zhgmk_professionalitet', 'club235799668']
Выбранная группа для фильтрации: СА-24

=== Сканирование домена: zhgmk_professionalitet ===
Получено постов от API: 115

--- Пост #1 из домена zhgmk_professionalitet ---
Текст: Сегодня по всей стране пройдёт международная акция «Диктант Победы».
По традиции Железногорский горно-металлургический колледж стал площадкой проведения Диктанта.
 В мероприятии принимают участие более 50 человек, которые проверят свои знания о ключевых событиях и героях Великой Отечественной войны.
Дата поста (timestamp): 1777012305
>>> ПРИНЯТ, группы: []

--- Пост #2 из домена zhgmk_professionalitet ---
Текст: #ЖГМКобъединяет #СтупениЖГМК
Дата поста (timestamp): 1777262400
>>> ОТКЛОНЁН (process_post вернул None)

--- Пост #3 из домена zhgmk_professionalitet ---
Текст: Завершаем Неделю психологии нашей традиционной «Страничкой психолога» и предлагаем тебе изучить, что такое стресс.

 Слово «stress» переводится как нагрузка, давление.
 Стресс – это напряжение, которое
 возникает в ответ на непривычные обстоятельства. Например, поступление в колледж, смена учебной г
Дата поста (timestamp): 1777182607
>>> ПРИНЯТ, группы: []

--- Пост #4 из домена zhgmk_professionalitet ---
Текст: 24 апреля  преподаватель ЖГМК Неликаева Нина  Сергеевна провела для коллег  мастер-класс "Искусственный интеллект: ваш цифровой ассистент".

 В тёплой и конструктивной атмосфере сотрудники Железногорского горно-металлургического колледжа смогли оценить потенциал искусственного интеллекта как надёжны
Дата поста (timestamp): 1777107601
>>> ПРИНЯТ, группы: []

--- Пост #5 из домена zhgmk_professionalitet ---
Текст: 23 апреля в Советском социально-аграрном техникуме им. В. М. Клыкова состоялась Областная  олимпиада по дисциплине «Истории»

Олимпиада проходила в два этапа: письменный тур и публичное соревнование в формате игры «Умники и умницы».

Студенты нашего колледжа приняли активное участие в этом интеллект
Дата поста (timestamp): 1777106161
>>> ОТКЛОНЁН (process_post вернул None)

--- Пост #6 из домена zhgmk_professionalitet ---
Текст: Сегодня в нашем колледже состоялась Международная акция -  Диктант Победы. Это  мероприятие традиционно проводится накануне празднования 9 Мая. В этом году Диктант посвящен 85-летию 
начала Великой Отечественной войны и 100-летию маршала Жукова.
Отвечая на вопросы Диктанта, мы вспоминаем подвиги гер
Дата поста (timestamp): 1777043909
>>> ПРИНЯТ, группы: []

--- Пост #7 из домена zhgmk_professionalitet ---
Текст: 24 апреля 2026 года в управлении АО «Михайловский МГОК им. А.В. Варичева» на очном оперативном совещании структурных подразделений состоялось награждение победителей и призёров городской Олимпиады школьников по профилю «Металлургия», организованной АО «Михайловский ГОК им. А.В. Варичева» совместно с
Дата поста (timestamp): 1777039200
>>> ПРИНЯТ, группы: []

--- Пост #8 из домена zhgmk_professionalitet ---
Текст: 24 апреля студенты Железногорского горно-металлургического колледж присоединились к трансляции лекции "Терроризм: как не стать жертвой вербовки" Российского общества «Знание»

Спикер - Рагунштейн Арсений Григорьевич, кандидат исторических наук, доцент, доцент кафедры конституционного и административ
Дата поста (timestamp): 1777035601
>>> ПРИНЯТ, группы: []

--- Пост #9 из домена zhgmk_professionalitet ---
Текст: Узнавайте главные новости Чемпионата по профессиональному мастерству «Профессионалы» первыми!

Официальный канал Всероссийского чемпионатного движения по профессиональному мастерству «Профессионалы» в Макс.

Подписывайтесь: max.ru/pro_firpo
Следите за новостями, радуйтесь вместе с нами новым победам
Дата поста (timestamp): 1777029988
>>> ПРИНЯТ, группы: []

--- Пост #10 из домена zhgmk_professionalitet ---
Текст: 21 и 23 апреля в колледже прошла акция "Зарядись позитивом!" в рамках Недели психологии.
 Студенты и преподаватели знакомились с личностными и психологическими ресурсами, которые помогают человеку в стрессовых ситуациях и при испытании негативных эмоций. 
 Наглядно были представлены психологические 
Дата поста (timestamp): 1777027001
>>> ПРИНЯТ, группы: []

--- Пост #11 из домена zhgmk_professionalitet ---
Текст: С 20 по 24 апреля в нашем колледже проходила Неделя психологии, направленная на развитие компетенций у студентов справляться с жизненными ситуациями и переживанием интенсивных эмоций. 
Были организованы классные часы, тренинговые занятия, различные мастер-классы, а также индивидуальные консультации.
Дата поста (timestamp): 1777026888
>>> ОТКЛОНЁН (process_post вернул None)

--- Пост #12 из домена zhgmk_professionalitet ---
Текст: Студенты группы ТМ-25 стали участниками очень важного и торжественного мероприятия)
Дата поста (timestamp): 1777026766
>>> ОТКЛОНЁН (process_post вернул None)

--- Пост #13 из домена zhgmk_professionalitet ---
Текст: 23 апреля студент Владимир Машков, группа СА-24 принял участие в Региональном чемпионате «Абилимпикс» по компетенции «Веб-дизайн». Это не просто конкурс, а возможность проявить свои таланты, показать мастерство и заявить о себе в сфере современных цифровых технологий.
 
💻 В номинации «Веб-дизайн» уч
Дата поста (timestamp): 1777025892
>>> ПРИНЯТ, группы: ['СА-24']

--- Пост #14 из домена zhgmk_professionalitet ---
Текст: #ЖГМКобъединяет #СтупениЖГМК
Дата поста (timestamp): 1776934836
>>> ПРИНЯТ, группы: []

--- Пост #15 из домена zhgmk_professionalitet ---
Текст: С 20 апреля в колледже прошла благотворительная акция "Красная гвоздика".Цель акции - сбор средств оказание медицинской помощи ветеранам. 

Значок "Красная гвоздика" - это символ памяти, благодарности и помощи. За время акции наши волонтеры привлекли к участию студентов, преподавателей и сотрудников
Дата поста (timestamp): 1776862396
>>> ПРИНЯТ, группы: []

--- Пост #16 из домена zhgmk_professionalitet ---
Текст: 21 апреля на базе ОБПОУ "Курский государственный техникум технологий и сервиса" наши студенты показали высокие результаты в областной олимпиаде по дисциплине "Химии" среди студентов профессиональных образовательных организаций города Курска и Курской области.
🥇1 место - Дмитрий Антонов, группа МП-25
Дата поста (timestamp): 1776840388
>>> ОТКЛОНЁН (process_post вернул None)

--- Пост #17 из домена zhgmk_professionalitet ---
Текст: Сегодня в Железногорском горно-металлургическом колледже состоялся заключительный этап тематического урока по финансовой безопасности, посвящённый актуальной теме — «Темная сторона искусственного интеллекта».

Современные технологии, в том числе искусственный интеллект, открывают перед человеком огр
Дата поста (timestamp): 1776839425
>>> ПРИНЯТ, группы: []

--- Пост #18 из домена zhgmk_professionalitet ---
Текст: 📢 Подготовка к Итоговому (межрегиональному) этапу Чемпионата «Профессионалы»: компетенция «Технологии информационного моделирования BIM»

В колледже продолжается интенсивная подготовка к Итоговому этапу Всероссийского Чемпионата по профессиональному мастерству «Профессионалы» по компетенции «Техноло
Дата поста (timestamp): 1776795265
>>> ОТКЛОНЁН (process_post вернул None)

--- Пост #19 из домена zhgmk_professionalitet ---
Текст: #ЖГМКобъединяет #СтупениЖГМК
Дата поста (timestamp): 1776703312
>>> ПРИНЯТ, группы: []

--- Пост #20 из домена zhgmk_professionalitet ---
Текст: 
Дата поста (timestamp): 1776682414
>>> ПРИНЯТ, группы: []

--- Пост #21 из домена zhgmk_professionalitet ---
Текст: 18 апреля 2026 года в Железногорском горно-металлургическом колледже завершились мероприятия Единого дня открытых дверей Федерального проекта «Профессионалитет» нацпроекта «Молодежь и дети», федеральным оператором которого по поручению Минпросвещения России выступает Институт развития профессиональн
Дата поста (timestamp): 1776681470
>>> ОТКЛОНЁН (process_post вернул None)

--- Пост #22 из домена zhgmk_professionalitet ---
Текст: 20 апреля в Железногорском горно-металлургическом колледже очередная учебная неделя началась с традиционной церемонии выноса Государственного флага Российской Федерации. 
Для вручения Почетных грамот и Дипломов на мероприятие были приглашены студенты колледжа, которые на прошедшей неделе стали побед
Дата поста (timestamp): 1776681130
>>> ПРИНЯТ, группы: []

--- Пост #23 из домена zhgmk_professionalitet ---
Текст: В колледже продолжают проходить мероприятия Единого дня открытых дверей Федерального проекта «Профессионалитет» нацпроекта «Молодежь и дети», федеральным оператором которого по поручению Минпросвещения России выступает Институт развития профессионального образования. 

В рамках Единого дня открытых 
Дата поста (timestamp): 1776668630
>>> ОТКЛОНЁН (process_post вернул None)

--- Пост #24 из домена zhgmk_professionalitet ---
Текст: 17 апреля в завершении мероприятий Единого дня открытых дверей Федерального проекта «Профессионалитет» нацпроекта «Молодежь и дети», федеральным оператором которого по поручению Минпросвещения России выступает Институт развития профессионального образования был очень насыщенный день: 
- на базе МБОУ
Дата поста (timestamp): 1776668616
>>> ОТКЛОНЁН (process_post вернул None)

--- Пост #25 из домена zhgmk_professionalitet ---
Текст: С 6 по 18 апреля 2026 года в Железногорском горно-металлургическом колледже продолжают проходить мероприятия Единого дня открытых дверей Федерального проекта «Профессионалитет» нацпроекта «Молодежь и дети», федеральным оператором которого по поручению Минпросвещения России выступает Институт развити
Дата поста (timestamp): 1776666641
>>> ПРИНЯТ, группы: []

--- Пост #26 из домена zhgmk_professionalitet ---
Текст: #ЖГМКобъединяет #СтупениЖГМК
Дата поста (timestamp): 1776657600
>>> ПРИНЯТ, группы: ['ГЭМ-25-1', 'ГЭМ-25-2', 'ГЭМ-24-1', 'ПД-25-1', 'ПД-25-2', 'ПД-25-3', 'ПД-24-1', 'ПД-24-2', 'ОПИ-25', 'СЭЗ-25', 'ИСП-25', 'ИСП-24', 'ОДЛ-24', 'СА-25', 'КР-25', 'СА-24']

--- Пост #27 из домена zhgmk_professionalitet ---
Текст: 17 апреля в группе ОДЛ-24 прошел мастер-класс по йоге, который провела психолог Якименко Екатерина Анатольевна.
     Студенты познакомились с историей возникновения и современными направлениями в йоге. Узнали, чем она отличается от стандартной физкультуры.    
     Асаны (статистические упражнения в
Дата поста (timestamp): 1776622396
>>> ОТКЛОНЁН (process_post вернул None)

--- Пост #28 из домена zhgmk_professionalitet ---
Текст: ‼17 апреля для студентов группы ГЭМ 25 -2 в Библиотеке для молодежи прошла "Библионочь", которая стала точкой сбора всех национальных культур России.
👨‍🎓👩‍🎓Наша молодежь отправилась в поисково - просветительское путешествие "Национальное имя России".
🤝🤝Стартовали с эрудит - игры, где сошлись две ком
Дата поста (timestamp): 1776528041
>>> ПРИНЯТ, группы: []

--- Пост #29 из домена zhgmk_professionalitet ---
Текст: 17 апреля в Курскстате подведены итоги статистического конкурса «Анализируем статистику»

Конкурс проходил в два этапа. Первый этап – региональный, второй – межрегиональный.

Почти 1 000 участников из 31 региона отправили свои работы на конкурс. От Курской области были представлены 23 конкурсные раб
Дата поста (timestamp): 1776509594
>>> ОТКЛОНЁН (process_post вернул None)

--- Пост #30 из домена zhgmk_professionalitet ---
Текст: Видео экскурсия на предприятие партнера работодателя ООО ПО "ВАГОНМАШ" 
 
#ЖГМКобъединяет#Профессионалитет#ЕДОД2026
Дата поста (timestamp): 1776504600
>>> ПРИНЯТ, группы: []

--- Пост #31 из домена zhgmk_professionalitet ---
Текст: Видео экскурсия на предприятие партнера работодателя АО "Михайловский ГОК им. А.В. Варичева" 
 
#ЖГМКобъединяет#Профессионалитет#ЕДОД2026
Дата поста (timestamp): 1776500700
>>> ПРИНЯТ, группы: []

--- Пост #32 из домена zhgmk_professionalitet ---
Текст: Профессиональная проба «Знакомство с криминалистической лабораторией», в рамках специальности Правоохранительная деятельность 
 
#ЖГМКобъединяет#Профессионалитет#ЕДОД2026
Дата поста (timestamp): 1776500400
>>> ПРИНЯТ, группы: []

--- Пост #33 из домена zhgmk_professionalitet ---
Текст: Профессиональная проба «Складской учет в 1С: Бухгалтерии» 
 
#ЖГМКобъединяет #Профессионалитет #ЕДОД2026
Дата поста (timestamp): 1776500100
>>> ПРИНЯТ, группы: []

--- Пост #34 из домена zhgmk_professionalitet ---
Текст: Профессиональная проба Магнитный метод обогащения в рамках специальности Обогащение полезных ископаемых 
 
#ЖГМКобъединяет#Профессионалитет#ЕДОД2026
Дата поста (timestamp): 1776499800
>>> ПРИНЯТ, группы: []

--- Пост #35 из домена zhgmk_professionalitet ---
Текст: Профессиональная проба «Разработка простого сайта визитки», в рамках специальности Информационные системы и программирование 
 
#ЖГМКобъединяет#Профессионалитет#ЕДОД2026
Дата поста (timestamp): 1776499500
>>> ПРИНЯТ, группы: []

--- Пост #36 из домена zhgmk_professionalitet ---
Текст: Профессиональная проба Жизнь металлургии, в рамках специальности Металлургическое производство (по видам производства) 
 
#ЖГМКобъединяет#Профессионалитет#ЕДОД2026
Дата поста (timestamp): 1776499200
>>> ПРИНЯТ, группы: []

--- Пост #37 из домена zhgmk_professionalitet ---
Текст: Профессиональная проба «Примеры декоративной облицовки поверхности», в рамках профессии Мастер отделочных строительных и декоративных работ 
 
#ЖГМКобъединяет#Профессионалитет#ЕДОД2026
Дата поста (timestamp): 1776498900
>>> ПРИНЯТ, группы: []

--- Пост #38 из домена zhgmk_professionalitet ---
Текст: Профессиональная проба Знакомство с работой машиниста крана, по профессии Машинист крана (крановщик) 
 
#ЖГМКобъединяет#Профессионалитет#ЕДОД2026
Дата поста (timestamp): 1776498600
>>> ПРИНЯТ, группы: []

--- Пост #39 из домена zhgmk_professionalitet ---
Текст: Профессиональная проба «BIM-инженер проектировщик», в рамках специальности Строительство и эксплуатация зданий и сооружений 
 
#ЖГМКобъединяет#Профессионалитет#ЕДОД2026
Дата поста (timestamp): 1776498300
>>> ПРИНЯТ, группы: []

--- Пост #40 из домена zhgmk_professionalitet ---
Текст: Мастер-класс «Знакомство с работой электрической подстанции» 
 
#ЖГМКобъединяет#Профессионалитет#ЕДОД2026
Дата поста (timestamp): 1776498000
>>> ПРИНЯТ, группы: []

--- Пост #41 из домена zhgmk_professionalitet ---
Текст: Профессиональная проба «Знакомство со специальностью «Технология машиностроения» 
 
#ЖГМКобъединяет#Профессионалитет#ЕДОД2025
Дата поста (timestamp): 1776497700
>>> ПРИНЯТ, группы: []

--- Пост #42 из домена zhgmk_professionalitet ---
Текст: Профессиональна проба Дежурный стрелочного поста, в рамках специальности Организация перевозок и управления на транспорте (по видам) 
 
#ЖГМКобъединяет#Профессионалитет#ЕДОД2025
Дата поста (timestamp): 1776497400
>>> ПРИНЯТ, группы: []

--- Пост #43 из домена zhgmk_professionalitet ---
Текст: Профессиональная проба «Основы сетевых подключений» 
 
#ЖГМКобъединяет#Профессионалитет#ЕДОД2026
Дата поста (timestamp): 1776497100
>>> ПРИНЯТ, группы: []

--- Пост #44 из домена zhgmk_professionalitet ---
Текст: Профессиональная проба «Кузовной ремонт легковой и грузовой техники» 
 
#ЖГМКобъединяет#Профессионалитет#ЕДОД2026
Дата поста (timestamp): 1776496800
>>> ПРИНЯТ, группы: []

--- Пост #45 из домена zhgmk_professionalitet ---
Текст: Профессиональная проба «Мастерская шифров» 
 
#ЖГМКобъединяет #Профессионалитет #ЕДОД2026
Дата поста (timestamp): 1776496500
>>> ПРИНЯТ, группы: []

--- Пост #46 из домена zhgmk_professionalitet ---
Текст: Экскурсия по современным учебно-производственным лабораториям, мастерским и зонам созданным в рамках ФП "Профессионалитет" 
 
#ЖГМКобъединяет#Профессионалитет#ЕДОД2026
Дата поста (timestamp): 1776496140
>>> ПРИНЯТ, группы: []

--- Пост #47 из домена zhgmk_professionalitet ---
Текст: Приветственное слово директора колледжа Алексея Николаевича Шебанова 
 
#ЖГМКобъединяет#Профессионалитет#ЕДОД2026
Дата поста (timestamp): 1776495828
>>> ПРИНЯТ, группы: []

--- Пост #48 из домена zhgmk_professionalitet ---
Текст: Приветственное слово министра образования и науки Курской области Леоновой Наталии Валерьевны 
 
#ЖГМКобъединяет#Профессионалитет#ЕДОД2026
Дата поста (timestamp): 1776495601
>>> ПРИНЯТ, группы: []

--- Пост #49 из домена zhgmk_professionalitet ---
Текст: 🎥 Открываем мир профессий вместе с ЖГМК!

Скоро стартуют публикации видео с Единого дня открытых дверей: вас ждут виртуальные экскурсии, профессиональные пробы и знакомство с работодателями — всё в удобном онлайн-формате.

Узнайте, как строится обучение и какие перспективы ждут выпускников!

Следите
Дата поста (timestamp): 1776494700
>>> ПРИНЯТ, группы: []

--- Пост #50 из домена zhgmk_professionalitet ---
Текст: В  пятницу  17 апреля студенты нашего колледжа стали участниками большого праздника.  Выпускников и первокурсников объединила Библионочь-2026 «Единство народов — сила России!». Организовали мероприятие сотрудники Центральной библиотеки им. Е. Носова.

 Студенты групп ТОР-22 и ГЭМ-25-1  приняли участ
Дата поста (timestamp): 1776448728
>>> ОТКЛОНЁН (process_post вернул None)

--- Пост #51 из домена zhgmk_professionalitet ---
Текст: В рамках мероприятий Единого дня открытых дверей Федерального проекта «Профессионалитет» нацпроекта «Молодежь и дети», федеральным оператором которого по поручению Минпросвещения России выступает Институт развития профессионального образования, 15 апреля 2026 года были организованы классные часы «Пр
Дата поста (timestamp): 1776445223
>>> ПРИНЯТ, группы: []

--- Пост #52 из домена zhgmk_professionalitet ---
Текст: 17 апреля в Курском педагогическом колледже проходила областная олимпиада по русскому языку и культуре речи среди студентов профессиональных образовательных организаций Курской области.

Наш колледж представляли Шпилева Милана, группа СЭЗ-25 и Шустова Маргарита, группа ПД-25-1. 

Олимпиада нацелена 
Дата поста (timestamp): 1776444401
>>> ОТКЛОНЁН (process_post вернул None)

--- Пост #53 из домена zhgmk_professionalitet ---
Текст: В рамках мероприятий Единого дня открытых дверей Федерального проекта «Профессионалитет» нацпроекта «Молодежь и дети», федеральным оператором которого по поручению Минпросвещения России выступает Институт развития профессионального образования, 13 и 14 апреля 2026 года на базе МБОУ «СОШ №6», МБОУ «С
Дата поста (timestamp): 1776431115
>>> ОТКЛОНЁН (process_post вернул None)

--- Пост #54 из домена zhgmk_professionalitet ---
Текст: В рамках Единого дня открытых дверей Федерального проекта «Профессионалитет» нацпроекта «Молодежь и дети», федеральным оператором которого по поручению Минпросвещения России выступает Институт развития профессионального образования, 13 и 14 апреля 2026 года на базе колледжа были проведены профессион
Дата поста (timestamp): 1776427505
>>> ОТКЛОНЁН (process_post вернул None)

--- Пост #55 из домена zhgmk_professionalitet ---
Текст: 
Дата поста (timestamp): 1776421137
>>> ПРИНЯТ, группы: []

--- Пост #56 из домена zhgmk_professionalitet ---
Текст: 14 апреля 2026 года на базе ОБПОУ «Железногорский горно-металлургический колледж» состоялась областная олимпиада по дисциплине «Инженерная графика (техническое черчение)» среди студентов профессиональных образовательных организаций  Курской области. В ней приняли участие 12 обучающихся из 8 колледже
Дата поста (timestamp): 1776405530
>>> ПРИНЯТ, группы: []

--- Пост #57 из домена zhgmk_professionalitet ---
Текст: Сегодня на базе Курского автотехнического колледжа прошла областная олимпиада по математике среди студентов 1-2-х курсов профессиональных образовательных организаций Курской области. Олимпиада проводилась по 4 направлениям, с учетом профиля специальностей и профессий. В каждом направлении было более
Дата поста (timestamp): 1776360850
>>> ОТКЛОНЁН (process_post вернул None)

--- Пост #58 из домена zhgmk_professionalitet ---
Текст: 🎨✨16 апреля прошла игровая перемена " Многоцветие России".
‼️ Главные открытия перемены:
✅ Культурный код России складывается из традиций, обычаев и ценностей народов страны.
✅ Россия это единая система, где соседствуют десятки этносов, религий и ландшафтов.
✅  Играть, узнавать , спорить о фактах ве
Дата поста (timestamp): 1776355201
>>> ПРИНЯТ, группы: []

--- Пост #59 из домена zhgmk_professionalitet ---
Текст: 
Дата поста (timestamp): 1776332116
>>> ПРИНЯТ, группы: []

--- Пост #60 из домена zhgmk_professionalitet ---
Текст: #ЖГМКобъединяет 
#СтупениЖГМК
Дата поста (timestamp): 1776324733
>>> ПРИНЯТ, группы: []

--- Пост #61 из домена zhgmk_professionalitet ---
Текст: Уважаемые студенты!
Теперь у вас есть возможность анонимного обращения, в котором вы можете сообщить об угрозах общественной безопасности, противоправного поведения окружающих и т.п. 
Написать сообщение вы можете в нашей группе ВК, выбрав в Меню сообщества раздел «Обращения студентов».
Дата поста (timestamp): 1776324726
>>> ПРИНЯТ, группы: []

--- Пост #62 из домена zhgmk_professionalitet ---
Текст: #ЕДОД2026 #КЧ_ЕДОД2026 #Профессионалитет #Амбассадоры_Профессионалитета #СПОмедиа
Дата поста (timestamp): 1776260565
>>> ПРИНЯТ, группы: []

--- Пост #63 из домена zhgmk_professionalitet ---
Текст: 
Дата поста (timestamp): 1776239659
>>> ПРИНЯТ, группы: []

--- Пост #64 из домена zhgmk_professionalitet ---
Текст: Студентка группы ОПИ—23 Голубева Анастасия под руководством эксперта-наставника Анохиной Е.А. усиленно готовится к участию в итоговом (межрегиональном) этапе Чемпионата по профессиональному мастерству «Профессионалы»-2026 по компетенции «Обогащение полезных ископаемых», который пройдет в г. Ясный Ор
Дата поста (timestamp): 1776159494
>>> ОТКЛОНЁН (process_post вернул None)

--- Пост #65 из домена zhgmk_professionalitet ---
Текст: В колледже продолжают проходить мероприятия Единого дня открытых дверей Федерального проекта «Профессионалитет» нацпроекта «Молодежь и дети», федеральным оператором которого по поручению Минпросвещения России выступает Институт развития профессионального образования. 

В рамках Единого дня открытых 
Дата поста (timestamp): 1776155877
>>> ОТКЛОНЁН (process_post вернул None)

--- Пост #66 из домена zhgmk_professionalitet ---
Текст: В рамках Единого дня открытых дверей Федерального проекта «Профессионалитет» нацпроекта «Молодежь и дети», федеральным оператором которого по поручению Минпросвещения России выступает Институт развития профессионального образования 10 апреля 2026 года на базе колледжа были проведены профессиональные
Дата поста (timestamp): 1776155873
>>> ОТКЛОНЁН (process_post вернул None)

--- Пост #67 из домена zhgmk_professionalitet ---
Текст: В рамках мероприятий Единого дня открытых дверей Федерального проекта «Профессионалитет» нацпроекта «Молодежь и дети», федеральным оператором которого по поручению Минпросвещения России выступает Институт развития профессионального образования, 9 и 10 апреля 2026 года на базе колледжа были проведены
Дата поста (timestamp): 1776155862
>>> ПРИНЯТ, группы: []

--- Пост #68 из домена zhgmk_professionalitet ---
Текст: Сегодня, в первый день Светлой седмицы — первой недели после празднования Святой Пасхи, в нашем колледже царит по-настоящему праздничная атмосфера. Здесь проходит выставка «Пасхальная радость», где представлены декоративные работы — символы православного праздника: куличи и яйца. 
Это не просто эксп
Дата поста (timestamp): 1776086229
>>> ПРИНЯТ, группы: []

--- Пост #69 из домена zhgmk_professionalitet ---
Текст: #ЖГМКобъединяет #СтупениЖГМК
Дата поста (timestamp): 1776056401
>>> ОТКЛОНЁН (process_post вернул None)

--- Пост #70 из домена zhgmk_professionalitet ---
Текст: 🚀 12 апреля - это не просто дата в календаре, а символ триумфа человеческой мысли и отваги!
Именно эту энергию вдохновения решили передать участники конкурса тематических газет "К звёздам - первыми!"
🫟 Все студенческие группы подошли к теме творчески. На рисунках ожили образы великих первопроходцев:
Дата поста (timestamp): 1775918358
>>> ПРИНЯТ, группы: []

--- Пост #71 из домена zhgmk_professionalitet ---
Текст: Неделя космонавтики завершилась важным командным достижением, к которому коллектив шёл полгода.
Команда ОБПОУ «ЖГМК» вышла в финал Национальной технологической олимпиады по направлению «Геопространственные цифровые двойники» (студенческий трек). Участие в этом профиле, организатором которого выступа
Дата поста (timestamp): 1775917593
>>> ОТКЛОНЁН (process_post вернул None)

--- Пост #72 из домена zhgmk_professionalitet ---
Текст: В преддверии Светлой Пасхи для студенток группы СА -25 прошел мастер - класс "Пасхальный сувенир"
✅ Было интересно и познавательно,
✅ Освоили новые техники рукоделия,
✅ Каждый унес с собой частичку праздника и сувенир!
🔆 Пусть ваша Пасха будет светлой, а дом наполнен теплом!!!

#ЖГМКобъединяет
#Ступ
Дата поста (timestamp): 1775836643
>>> ПРИНЯТ, группы: []

--- Пост #73 из домена zhgmk_professionalitet ---
Текст: С 6 по 18 апреля 2026 года в Железногорском горно-металлургическом колледже продолжают проходить мероприятия  Единого дня открытых дверей Федерального проекта «Профессионалитет» нацпроекта  «Молодежь и дети», федеральным оператором которого по поручению Минпросвещения России выступает Институт разви
Дата поста (timestamp): 1775832132
>>> ПРИНЯТ, группы: []

--- Пост #74 из домена zhgmk_professionalitet ---
Текст: В Железногорском горно‑металлургическом колледже завершился цикл профориентационных мероприятий для девятиклассников города. В течение марта и апреля на отделении профориентации и самоопределения молодёжи проходили классные часы, призванные помочь подросткам осознанно подойти к выбору профессии — вм
Дата поста (timestamp): 1775819003
>>> ПРИНЯТ, группы: []

--- Пост #75 из домена zhgmk_professionalitet ---
Текст: Увидеть своими глазами. Сотрудники ПАО «Россети Центр» - «Курскэнерго» провели экскурсию для будущих энергетиков. Студенты группы ГЭМ-24-2 вместе с преподавателем Карпинской А.В. побывали на подстанции №16. Ознакомительную экскурсию для ребят провел заместитель начальника Железногорского РЭС Мещанки
Дата поста (timestamp): 1775812312
>>> ОТКЛОНЁН (process_post вернул None)

--- Пост #76 из домена zhgmk_professionalitet ---
Текст: В рамках мероприятий Единого дня открытых дверей Федерального проекта «Профессионалитет» нацпроекта «Молодежь и дети», федеральным оператором которого по поручению Минпросвещения России выступает Институт развития профессионального образования вчера, 8 апреля 2026 года, наш колледж распахнул двери д
Дата поста (timestamp): 1775743320
>>> ПРИНЯТ, группы: []

--- Пост #77 из домена zhgmk_professionalitet ---
Текст: 8 апреля 2026 года на базе ОБПОУ «Железногрский горно-металлургический колледж» состоялась областная олимпиада по дисциплине «Материаловедение» среди студентов профессиональных образовательных организаций города Курска и Курской области. В ней приняли участие 13 обучающихся из 7 профессиональных обр
Дата поста (timestamp): 1775724647
>>> ПРИНЯТ, группы: []

--- Пост #78 из домена zhgmk_professionalitet ---
Текст: С 6 по 18 апреля 2026 года в колледже проходят мероприятия Единого дня открытых дверей Федерального проекта «Профессионалитет» нацпроекта «Молодежь и дети», федеральным оператором которого по поручению Минпросвещения России выступает Институт развития профессионального образования. 
 В рамках Единог
Дата поста (timestamp): 1775724479
>>> ОТКЛОНЁН (process_post вернул None)

--- Пост #79 из домена zhgmk_professionalitet ---
Текст: 7 апреля для Бородина  Дмитрия Игоревича, преподавателя ЖГМК,  завершилось второе конкурсное испытание «Открытый урок» регионального этапа всероссийского конкурса профессионального мастерства среди педагогических работников системы среднего профессионального образования «Мастер года – 2026»✨
Каждый 
Дата поста (timestamp): 1775663724
>>> ПРИНЯТ, группы: []

--- Пост #80 из домена zhgmk_professionalitet ---
Текст: 7 апреля 2026 года в рамках плана работы Центра карьеры студенты 1-го курса специальности 23.01.07 «Машинист крана (крановщик)» группы КР-25 под руководством мастера производственного обучения Кирпан Раисы Геннадьевны приняли участие в профориентационной экскурсии “О деталях в деталях” в рамках прог
Дата поста (timestamp): 1775630105
>>> ОТКЛОНЁН (process_post вернул None)

--- Пост #81 из домена zhgmk_professionalitet ---
Текст: 📍Отдел УМВД России по Курской области информирует, что в период с 6 по 15 апреля 2026 года проводится первый этап межведомственной комплексной оперативно-профилактической операции «Чистое поколение – 2026». 

📌Основной целью мероприятия является профилактика правонарушений, предупреждение распростра
Дата поста (timestamp): 1775629859
>>> ПРИНЯТ, группы: []

--- Пост #82 из домена zhgmk_professionalitet ---
Текст: 
Дата поста (timestamp): 1775589531
>>> ПРИНЯТ, группы: []

--- Пост #83 из домена zhgmk_professionalitet ---
Текст: Завершая тему  тематической  недели естественнонаучных и общеобразовательных дисциплин хотим рассказать вам, что с 30 марта по 4 апреля, в группах первого курса состоялись  ряд  географических мероприятий: 
1.Конкурс проектов среди студентов 1 курса «Объекты Всемирного наследия ЮНЕСКО»,  "Вокруг све
Дата поста (timestamp): 1775489701
>>> ОТКЛОНЁН (process_post вернул None)

--- Пост #84 из домена zhgmk_professionalitet ---
Текст: В рамках мероприятий плана Центра карьеры по содействию трудоустройству выпускников колледжа 03 апреля состоялась встреча представителей ОКУ «Центр занятости населения г Железногорска и Железногорского района» со студентами 3 курса группы СЭЗ-23 специальности «Строительство и эксплуатация зданий и с
Дата поста (timestamp): 1775484820
>>> ОТКЛОНЁН (process_post вернул None)

--- Пост #85 из домена zhgmk_professionalitet ---
Текст: #ЕДОД2026#Профессионалитет#ИРПО
Дата поста (timestamp): 1775479156
>>> ПРИНЯТ, группы: []

--- Пост #86 из домена zhgmk_professionalitet ---
Текст: В Железногорском горно-металлургическом колледже продолжается проведение тематического урока по финансовой безопасности «Темная сторона искусственного интеллекта».
Искусственный интеллект — это не только умные чат-боты, генераторы мемов и помощники в учёбе. Сегодня ИИ активно используют и мошенники,
Дата поста (timestamp): 1775468689
>>> ПРИНЯТ, группы: []

--- Пост #87 из домена zhgmk_professionalitet ---
Текст: "ПОЕХАЛИ!". Это короткое, но очень яркое слово прозвучало на весь мир 12 апреля 1961 года. Первый человек в космосе! Юрий Гагарин! 
65 лет назад весь мир узнал о торжестве советской науки и технологий. 
Наша гордость на века!
Мы с вами  начинаем новую рабочую неделю. Пусть она будет яркой. Наша А-фи
Дата поста (timestamp): 1775451601
>>> ПРИНЯТ, группы: []

--- Пост #88 из домена zhgmk_professionalitet ---
Текст: 3 апреля в рамках недели специальности «Обогащение полезных ископаемых» и «Металлургия черных металлов»  для студентов групп ОПИ-25, ОПИ-24, ОПИ-23 был проведен мастер-класс "Мы вместе, мы едины", который приурочен 2026 году - году народов России.
Студенты через творчество и различные игры прикоснул
Дата поста (timestamp): 1775298960
>>> ОТКЛОНЁН (process_post вернул None)

--- Пост #89 из домена zhgmk_professionalitet ---
Текст: 3 апреля 2026 года состоялась XV Всероссийская научно-практическая конференция обучающихся и студентов «Интеллектуальный потенциал России XXI века».
 
Студент группы ИСП-23 Маклецов Никита под руководством Неликаевой Нины Сергеевны представил проект в  Секции «Современные информационные технологии в
Дата поста (timestamp): 1775284770
>>> ОТКЛОНЁН (process_post вернул None)

--- Пост #90 из домена zhgmk_professionalitet ---
Текст: 3 апреля в Железногорском горно-металлургическом колледже  состоялся отборочный этап областной олимпиады по дисциплине «Инженерная графика». 
В графическом состязании приняли участие 4 студента со специальностей: «Технология машиностроения», «Обогащение полезных ископаемых»,  «Строительство и эксплу
Дата поста (timestamp): 1775284728
>>> ОТКЛОНЁН (process_post вернул None)

--- Пост #91 из домена zhgmk_professionalitet ---
Текст: Аrtificial intelligence – искусственный интеллект: от хаоса до автоматизации 

Студенты ЖГМК из групп ГЭМ-25-2 и ИСП-25 стали участниками увлекательного путешествия по мосту из детского любопытства к взрослыми знаниями об искусственном интеллекте. 
 ИИ — технология, которая уже давно изменила мир во
Дата поста (timestamp): 1775224460
>>> ОТКЛОНЁН (process_post вернул None)

--- Пост #92 из домена zhgmk_professionalitet ---
Текст: В рамках проведения тематической недели комиссии  естественнонаучных и общеобразовательных дисциплин, 2 апреля в колледже прошла олимпиада по математике общеобразовательного цикла. 
В олимпиаде приняли участие 12 студентов первых и вторых курсов различных специальностей и профессий, для кого математ
Дата поста (timestamp): 1775140806
>>> ОТКЛОНЁН (process_post вернул None)

--- Пост #93 из домена zhgmk_professionalitet ---
Текст: Весна полностью вступила в свои права и пришла пора "чистить пёрышки" после долгой и снежной зимы. 
Весна период возрождения и обновления. Поэтому с сегодняшнего дня мы начинаем большой путь по уборке и благоустройству нашего огромного студенческого кампуса.
Первыми в этом году на территорию вышли с
Дата поста (timestamp): 1775140474
>>> ОТКЛОНЁН (process_post вернул None)

--- Пост #94 из домена zhgmk_professionalitet ---
Текст: 2 апреля тематическая неделя специальностей «Обогащение полезных ископаемых» и «Металлургия черных металлов» в Железногорском горно-металлургическом колледже продолжилась олимпиадой «КМА-руда» среди студентов групп ОПИ-23 и ОПИ-24.
Олимпиада проходила в II этапа:
1⃣ этап – теоретический, студенты от
Дата поста (timestamp): 1775130667
>>> ОТКЛОНЁН (process_post вернул None)

--- Пост #95 из домена zhgmk_professionalitet ---
Текст: Физика — это просто магия? Нет, это VR-лаборатория от группы ОПИ-25! 🕶✨
Представьте: вы не взрываете лабораторию, а собираете схемы, сидя за компьютером, но при этом полностью погружаетесь в процесс. 🖥➡🌌
В этот четверг студенты группы ОПИ-25 стали настоящими инженерами-виртуалами! Вместо скучных фор
Дата поста (timestamp): 1775130288
>>> ОТКЛОНЁН (process_post вернул None)

--- Пост #96 из домена zhgmk_professionalitet ---
Текст: Тематическая неделя специальностей «Обогащение полезных ископаемых» и «Металлургия черных металлов» достигла своего экватора.

1 апреля студенты группы ОПИ-25 и ОПИ-23 пригласили всех студентов колледжа в увлекательное путешествие по лабиринтам знаний и мудрости, где каждый нашёл что-то особенное дл
Дата поста (timestamp): 1775061001
>>> ОТКЛОНЁН (process_post вернул None)

--- Пост #97 из домена zhgmk_professionalitet ---
Текст: 1 апреля 2026 года на базе Курского автотехнического колледжа состоялись педагогические чтения по проблеме «Влияние православия на воспитание и развитие будущего профессионала: региональные практики» в рамках XXII Международных научно- образовательных Знаменских чтений “Православие и личность: вызов
Дата поста (timestamp): 1775058308
>>> ОТКЛОНЁН (process_post вернул None)

--- Пост #98 из домена zhgmk_professionalitet ---
Текст: В коледже продолжается тематическая неделя комиссии естественно-научных и общеобразовательных дисциплин.  30 и 31 марта для групп ТО-25, ОПЖТ-25, КР-25 и ЭМ-25 была проведена интеллектуальная квест-игра «Математическо-логический бой». 🧮
В этом увлекательном интеллектуальном состязании, где логика и 
Дата поста (timestamp): 1775030401
>>> ОТКЛОНЁН (process_post вернул None)

--- Пост #99 из домена zhgmk_professionalitet ---
Текст: 📌Заседание научно-методического объединения преподавателей иностранного языка.

24 марта 2026 года на базе ОБПОУ «Железногорский горно-металлургический колледж» проведено выездное заседание РУМО СПО преподавателей иностранных языков на тему «ИСКУССТВЕННЫЙ ИНТЕЛЛЕКТ ДЛЯ ДИДАКТИЧЕСКОГО ТВОРЧЕСТВА ПЕДА
Дата поста (timestamp): 1775027331
>>> ПРИНЯТ, группы: []

--- Пост #100 из домена zhgmk_professionalitet ---
Текст: ПРОМЫШЛЕННЫЙ ТУРИЗМ - ОДИН ИЗ ТРЕНДОВ ПРОФЕССИОНАЛЬНОГО ОБОРАЗОВАНИЯ
Для нашего колледжа уже стало традицией включать в учебный процесс экскурсии на промышленные предприятия, которые помогают студентам соотнести полученные теоретические знания и профессиональные интересы с конкретным производством.

Дата поста (timestamp): 1774970764
>>> ОТКЛОНЁН (process_post вернул None)

--- Пост #101 из домена zhgmk_professionalitet ---
Текст: В колледже продолжается тематическая неделя специальностей «Обогащение полезных ископаемых» и «Металлургия черных металлов». 31 марта студенты старших курсов организовали турнир «Где логика» 🧠  для  студентов 1-2  курсов специальности «Обогащение полезных ископаемых».

Все мы слышали слово «логика»,
Дата поста (timestamp): 1774968096
>>> ОТКЛОНЁН (process_post вернул None)

--- Пост #102 из домена zhgmk_professionalitet ---
Текст: 30 марта Центр карьеры Железногорского горно-металлургического колледжа организовал встречу студентов 3 курса специальности «Эксплуатация и обслуживание электрического и электромеханического оборудования (по отраслям)» с представителями ООО «Агропромкомплектация»: Бартеневой Дарьей – менеджером цент
Дата поста (timestamp): 1774959862
>>> ПРИНЯТ, группы: []

--- Пост #103 из домена zhgmk_professionalitet ---
Текст: 30 марта   студенты ЖГМК специальностей Металлургия черных металлов и Металлургическое производство 🧑‍🏭 стали участниками традиционного «Делового завтрака». 

Приглашенным гостем был Сорокин Алексей Юрьевич – ведущий специалист Фабрики окомкования АО «Михайловский ГОК им. А.В.Варичева», выпускник на
Дата поста (timestamp): 1774884147
>>> ПРИНЯТ, группы: []

--- Пост #104 из домена zhgmk_professionalitet ---
Текст: 30 марта в нашем колледже началась тематическая неделя комиссии естественно-научных и общеобразовательных дисциплин. Одним из первых мероприятий стал молекулярный квест  по химии.

Студенты группы ОПИ-25 стали участниками  увлекательного и познавательного мероприятия. 

 В ходе игры ребята не просто
Дата поста (timestamp): 1774876386
>>> ОТКЛОНЁН (process_post вернул None)

--- Пост #105 из домена zhgmk_professionalitet ---
Текст: 
Дата поста (timestamp): 1774865227
>>> ПРИНЯТ, группы: []

--- Пост #106 из домена zhgmk_professionalitet ---
Текст: 18 апреля 2026 в 10:00 на базе Железногорского горно-металлургического колледжа пройдет Единый день открытых дверей.

Колледж - образовательно-производственный кластер Федерального проекта «Профессионалитет» по горнодобывающей отрасли.
В рамках мероприятия школьники, их родители и педагоги смогут по
Дата поста (timestamp): 1774865034
>>> ПРИНЯТ, группы: []

--- Пост #107 из домена zhgmk_professionalitet ---
Текст: #ЖГМКобъединяет 
#СтупениЖГМК
Дата поста (timestamp): 1774850400
>>> ПРИНЯТ, группы: []

--- Пост #108 из домена zhgmk_professionalitet ---
Текст: Доброе утро, друзья! 🌿🐦 
 
Весна окончательно берёт бразды правления в свои руки. Слышите, как громко поют птицы за окном? Этот природный концерт — лучший будильник, который настраивает на правильный лад и активное движение. 🎶 

А наша А-фишка (на этой неделе она у нас на двух страницах 😃) предлагае
Дата поста (timestamp): 1774843200
>>> ПРИНЯТ, группы: []

--- Пост #109 из домена zhgmk_professionalitet ---
Текст: Доброе воскресное утро и снова с вами страничка психолога. Сегодня предлагаем вам ознакомиться с результатами интересного исследования)

26 марта в нашем колледже состоялась  XXXIII Всероссийская студенческая научно-техническая  конференция  имени педагога и ученого  П.М. Алабуджиева «Молодежь и нау
Дата поста (timestamp): 1774764054
>>> ОТКЛОНЁН (process_post вернул None)

--- Пост #110 из домена zhgmk_professionalitet ---
Текст: 25 марта в лицее №14 города Железногорска состоялось профориентационное мероприятие "БУДУЩЕЕ НАЧИНАЕТСЯ СЕГОДНЯ: самоопределение и карьерные горизонты", в котором приняли участие представители:
АО «Михайловский ГОК им. А.В. Варичева» - инженер методического участка ХАЦ УТК - Бабина Ольга Васильевна;
Дата поста (timestamp): 1774618046
>>> ОТКЛОНЁН (process_post вернул None)

--- Пост #111 из домена zhgmk_professionalitet ---
Текст: 26 марта на площадке Железногорского горно-металлургического колледжа прошла XXXIII Всероссийская студенческая научно-техническая конференция имени педагога и ученого П.М. Алабужева «Молодежь и наука XXI века», посвященная 65-летию первого полета человека в космос.

🤝Это событие объединило студентов
Дата поста (timestamp): 1774608175
>>> ПРИНЯТ, группы: []

--- Пост #112 из домена zhgmk_professionalitet ---
Текст: 26 апреля в преддверии Казанского международного электроэнергетического форума «ЭНЕРГОПРОМ» под руководством преподавателя Карпинской А.В. прошла мастер-лекция «Русская инженерная школа. Мы инженеры страны!» для студентов групп ГЭМ-24-1 и ЭМ-24.
Лекция раскрыла историю русской инженерной школы от Пе
Дата поста (timestamp): 1774599662
>>> ОТКЛОНЁН (process_post вернул None)

--- Пост #113 из домена zhgmk_professionalitet ---
Текст: 26 марта на площадке Курского электромеханического техникума прошла традиционная олимпиада по физике, собравшая самых талантливых и целеустремлённых студентов региона.

Железногорский горно-металлургический колледж представляли студенты первого курса:
✅Кирилл Субботин ГЭМ-25-2
✅Владислав Горголюк ТМ
Дата поста (timestamp): 1774599558
>>> ОТКЛОНЁН (process_post вернул None)

--- Пост #114 из домена zhgmk_professionalitet ---
Текст: Современный выбор профессий велик и разнообразен. И затеряться в нем очень легко, почти как в настоящем космосе. 26 марта в Лицее № 5 при поддержке Металлоинвеста и центра управления социальных инноваций GrantRafting 
в рамках программы «Вместе! С образованием» для школьников 9-х классов профессиона
Дата поста (timestamp): 1774587601
>>> ПРИНЯТ, группы: []

--- Пост #115 из домена zhgmk_professionalitet ---
Текст: #ЖГМКобъединяет 
#СтупениЖГМК
Дата поста (timestamp): 1774284124
>>> ПРИНЯТ, группы: []

=== Сканирование домена: club235799668 ===
Получено постов от API: 32

--- Пост #1 из домена club235799668 ---
Текст: 24 апреля группа И-25 с классным руководителем, посетила Национальный центр исторической памяти при Президенте Российской Федерации, где для них был организован виртуальный тур по выставке «Без срока давности. Нюрнберг. 80 лет» и воссозданный зал 600 дворца правосудия. Участники ознакомились с уника
Дата поста (timestamp): 1777285497
>>> ОТКЛОНЁН (process_post вернул None)

--- Пост #2 из домена club235799668 ---
Текст: 20 апреля группа ОПЖТ-23 посмотрела художественный фильм "Мария. Спасти Москву", о событиях зимы 1941 года. Главная героиня фильма - дочь священника, ставшая младшим лейтенантом НКВД, отправляется за линию фронта, чтобы вывезти оттуда чудотворную икону. После просмотра студенты обсудили основную иде
Дата поста (timestamp): 1777285492
>>> ОТКЛОНЁН (process_post вернул None)

--- Пост #3 из домена club235799668 ---
Текст: 25 апреля группа ОПЖТ-23 дистанционно посетила выставку "Без срока давности. Суды истории" Курского краеведческого музея. Выставка направлена на сохранение исторической правды о преступлениях нацистов против мирного населения в период Великой Отечественной войны. Студенты узнали о трех крупнейших су
Дата поста (timestamp): 1777285487
>>> ОТКЛОНЁН (process_post вернул None)

--- Пост #4 из домена club235799668 ---
Текст: 27 апреля 2026 года в учебном заведении прошёл особенный классный час. Его посвятили освобождению Курской области — событию, которое спустя десятилетия вновь обрело глубокий смысл для жителей региона. 
Студенты второго курса группы ОПЖТ 24 погрузились в историю и вспомнили, какую огромную цену пришл
Дата поста (timestamp): 1777285478
>>> ПРИНЯТ, группы: []

--- Пост #5 из домена club235799668 ---
Текст: 7.04.2026 ИСП-25(В) ненадолго отвлеклась от кода и схем, чтобы прикоснуться к космосу 🚀✨ Ребята дружно взялись за кисти и краски, создавая яркий плакат ко Дню космонавтики — полёт нормальный, творчество удалось на все 100%!
Дата поста (timestamp): 1777215931
>>> ОТКЛОНЁН (process_post вернул None)

--- Пост #6 из домена club235799668 ---
Текст: 21 апреля группа СА-24 и Неликаева Н.С. посетили Национальный центр исторической памяти при Президенте Российской Федерации. 
Это было погружение в историю, которую нельзя забыть и невозможно переписать. Нам представили уникальный виртуальный тур по выставке «Без срока давности. Нюрнберг. 80 лет», а
Дата поста (timestamp): 1777186243
>>> ПРИНЯТ, группы: ['СА-24']

--- Пост #7 из домена club235799668 ---
Текст: 25 апреля группа СА-24 вместе с классным руководителем посмотрела художественный фильм «Воздух» (реж. А. Герман). 
Сюжет переносит нас в самое пекло Великой Отечественной войны. Тяжелые бои, наступление немецкой армии, каждый день — на грани жизни и смерти. В смешанный авиационный полк прибывает под
Дата поста (timestamp): 1777186223
>>> ПРИНЯТ, группы: ['СА-24']

--- Пост #8 из домена club235799668 ---
Текст: 17 апреля группа ИСП 22 посмотрела фильм «Красный шёлк» — шпионский детектив, действие которого разворачивается в 1920 х годах на борту Транссибирского экспресса. 
После просмотра провели небольшое обсуждение. Ребята отметили, что фильм не только увлёк их захватывающим сюжетом, но и заставил задумат
Дата поста (timestamp): 1777186219
>>> ПРИНЯТ, группы: []

--- Пост #9 из домена club235799668 ---
Текст: 15 апреля состоялась познавательная встреча студентов группы ИСП-22 с представителем военного комиссариата. Мероприятие было нацелено на информирование молодых людей о современных направлениях военной службы и актуальных возможностях профессионального развития в Вооружённых Силах РФ. 
Основной темой
Дата поста (timestamp): 1777186213
>>> ОТКЛОНЁН (process_post вернул None)

--- Пост #10 из домена club235799668 ---
Текст: 10 апреля студенты группы ИСП‑22 побывали на онлайн‑экскурсии по Большому театру. 
Ребята посмотрели залы и фойе, заглянули за кулисы и в репетиционные залы, увидели мастерские по созданию декораций и костюмов, а также посетили императорские ложи. 
Участники экскурсии узнали: 
* краткую историю теат
Дата поста (timestamp): 1777186202
>>> ОТКЛОНЁН (process_post вернул None)

--- Пост #11 из домена club235799668 ---
Текст: 
Дата поста (timestamp): 1777092513
>>> ПРИНЯТ, группы: []

--- Пост #12 из домена club235799668 ---
Текст: 24 апреля в рамках классного часа, проводимого  Всероссийским обществом “Знание», на тему: «Терроризм: как не стать жертвой вербовки» студенты группы ИСП-24 обсудили эту актуальную тему.
Дата поста (timestamp): 1777092497
>>> ОТКЛОНЁН (process_post вернул None)

--- Пост #13 из домена club235799668 ---
Текст: 🏛️ Сквозь время и технологии: группа СА-23 побывала в Курском краеведческом музее. 
📚 Как это было?
Используя современные онлайн-технологии, группа посетили залы Курского областного краеведческого музея, не выходя из аудитории.
Музей, основанный еще в 1903 году, сегодня активно использует цифровые ф
Дата поста (timestamp): 1776972574
>>> ОТКЛОНЁН (process_post вернул None)

--- Пост #14 из домена club235799668 ---
Текст: 23 апреля в гр.ИСП-23 и И-23 была проведена лекция "Финансовая безопасность и цифровой след". Студенты ознакомились, как защитить деньги от мошенников, настроить приватность в соцсетях и поняли, как посты могут повлиять на будущую карьеру.
Дата поста (timestamp): 1776972559
>>> ОТКЛОНЁН (process_post вернул None)

--- Пост #15 из домена club235799668 ---
Текст: 14 апреля студенты группы СА-24 с классным руководителем Неликаевой Н.С. посетили интерактивную 3D-экскурсию в павильоне №34 «Космос» на ВДНХ. 
Это крупнейший в России музей космонавтики и авиации (28 тыс. кв. м). Павильон построен в 1939 году, а в 2018-м после реконструкции открылся обновлённый цен
Дата поста (timestamp): 1776455435
>>> ПРИНЯТ, группы: ['СА-24']

--- Пост #16 из домена club235799668 ---
Текст: 17.04.26г, группа ОПЖТ-25, с классным руководителем Чистяковой М.А, посетила Железногорский краеведческий музей. Тема экскурсии "Космос между нами". Студенты с удовольствием слушали сообщения о космосе, рассматривали экспонаты. Спасибо организаторам за познавательную экскурсию!
Дата поста (timestamp): 1776455426
>>> ОТКЛОНЁН (process_post вернул None)

--- Пост #17 из домена club235799668 ---
Текст: 16 апреля в гр.ИСП-23 и И-23 прошла лекция на тему "Угрозы единству России". Студенты рассмотрели внутренние и внешние угрозы единству России, правовые механизмы противодействия разжиганию межнациональной розни, а также алгоритмы действий государственного служащего в кризисных ситуациях.
Дата поста (timestamp): 1776362223
>>> ОТКЛОНЁН (process_post вернул None)

--- Пост #18 из домена club235799668 ---
Текст: Группа ОПЖТ-25, приняла участие в конкурсе тематических газет, посвящённый 65-летию первого полёта человека в космос!
Дата поста (timestamp): 1776240267
>>> ОТКЛОНЁН (process_post вернул None)

--- Пост #19 из домена club235799668 ---
Текст: 🚀 65 лет назад человек впервые покорил космос. Этот день навсегда изменил историю человечества.
Творческая группа СА-23 представляет плакат, посвящённый великому событию — первому полёту человека в космос. 
С Днём космонавтики! Пусть ваши идеи будут такими же безграничными, как Вселенная!
Дата поста (timestamp): 1776240258
>>> ОТКЛОНЁН (process_post вернул None)

--- Пост #20 из домена club235799668 ---
Текст: 10.04.2026 Группа ИСП-25(в) с огромным интересом посетила Железногорский краеведческий музей, где для них провели увлекательную экскурсию «Космос между нами». Ребята увидели уникальные экспонаты, связанные с историей освоения космоса.
Дата поста (timestamp): 1776240251
>>> ОТКЛОНЁН (process_post вернул None)

--- Пост #21 из домена club235799668 ---
Текст: 03.04.2026 Студенты группы ИСП-25(В) присоединились к просмотру патриотического фильма, организованному для школьников. Ребята отметили, что такая кинолента помогает глубже понять историю страны и воспитывает чувство гордости за её героев.
Дата поста (timestamp): 1776240243
>>> ОТКЛОНЁН (process_post вернул None)

--- Пост #22 из домена club235799668 ---
Текст: 13 апреля, в первый день Светлой седмицы — первой недели после празднования Святой Пасхи. В Железногорском горно-металлургическом колледже царит по-настоящему праздничная атмосфера. Здесь проходит выставка «Пасхальная радость», где представлены декоративные работы— символы православного праздника: к
Дата поста (timestamp): 1776240236
>>> ОТКЛОНЁН (process_post вернул None)

--- Пост #23 из домена club235799668 ---
Текст: 🚀 С Днём космонавтики! 💫 
12 апреля 1961 года Юрий Гагарин произнёс легендарное «Поехали!» — и человечество сделало первый шаг к звёздам. 
Этот день напоминает нам: невозможное становится возможным, если есть смелость мечтать и идти к цели. Пусть пример первого космонавта вдохновляет вас на собствен
Дата поста (timestamp): 1776240226
>>> ОТКЛОНЁН (process_post вернул None)

--- Пост #24 из домена club235799668 ---
Текст: 31 марта студенты группы СА-24 с классным руководителем, ознакомились с художественным фильмом «Красный шелк» (реж. А. Волгин, 2025 г., 16+). 
События ленты разворачиваются в 1927 году в Транссибирском экспрессе, где перевозятся секретные документы, определяющие будущее СССР и Китая. В центре сюжета
Дата поста (timestamp): 1775752372
>>> ПРИНЯТ, группы: ['СА-24']

--- Пост #25 из домена club235799668 ---
Текст: 2 апреля в рамках ознакомления с культурным наследием группа СА-24 с Неликаевой Н.С. посетила виртуальный тур «Дом и семья. Картины мирной жизни» (2023 г., Корпус Бенуа). 
Экспозиция Русского музея, включающая порядка 120 произведений живописи, скульптуры и декоративно-прикладного искусства, раскрыв
Дата поста (timestamp): 1775752366
>>> ПРИНЯТ, группы: ['СА-24']

--- Пост #26 из домена club235799668 ---
Текст: 2 апреля группа ОПЖТ-23 посетила Железногорский краеведческий музей, где проходила экскурсия "От колыбели до венца". Студенты познакомились с традициями, суевериями и приметами русского народа, увидели элементы быта, одежды, узнали про особенности этнических украшений. Девушки с интересом участвовал
Дата поста (timestamp): 1775752360
>>> ОТКЛОНЁН (process_post вернул None)

--- Пост #27 из домена club235799668 ---
Текст: Студенты группы И-24 Самсонов Даниил и Шмыгарев Тимофей по собственной инициативе на протяжении двух с половиной месяцев приходили в общежитие колледжа и помогали со сборкой и переносом мебели. Ребята оказывали различную помощь в благоустройстве нашего общежития после ремонта. Позже к ним присоедини
Дата поста (timestamp): 1775752349
>>> ОТКЛОНЁН (process_post вернул None)

--- Пост #28 из домена club235799668 ---
Текст: 8.04.26г группа ОПЖТ-25, вместе с классным руководителем Чистяковой М.А. просмотрели учебный фильм "Мотоцикл в руках ребёнка- игрушка или смертельная опасность". Обсудили последствия управления мототранспортом несовершеннолетними, не имеющих водительского удовольствия! 
Так на классном часе, проведе
Дата поста (timestamp): 1775752321
>>> ОТКЛОНЁН (process_post вернул None)

--- Пост #29 из домена club235799668 ---
Текст: Студенты группы ИСП-24 приняли участие в выпуске тематических газет  «К звездам - первыми». Свою газету они посвятили нашему земляку, уроженцу Железногорска, космонавту Александру Владимировичу Горбунову.
Дата поста (timestamp): 1775752313
>>> ОТКЛОНЁН (process_post вернул None)

--- Пост #30 из домена club235799668 ---
Текст: 3 апреля студенты группы ИСП-24 просмотрели учебный фильм « Мотоцикл в руках ребенка  - игрушка или смертельная опасность?». Цель - профилактика детского дорожно~транспортного травматизма». Учащиеся согласились с тем, что сегодня многие юные мотоциклисты часто представляют смертельную опасность для 
Дата поста (timestamp): 1775281102
>>> ОТКЛОНЁН (process_post вернул None)

--- Пост #31 из домена club235799668 ---
Текст: 1 апреля в группах ИСП-23 и И-23 прошло мероприятие по обмену опытом в написании курсовых работ. Студенты группы ИСП-23 представили свои разработанные приложения и обсудили итоги практической части курсовой. Для группы И-23 состоялся ознакомительный урок по изучению требований и подготовке к курсово
Дата поста (timestamp): 1775281090
>>> ОТКЛОНЁН (process_post вернул None)

--- Пост #32 из домена club235799668 ---
Текст: В эпоху цифрового расширения и стремительного роста киберугроз вопросы защиты информации приобретают статус национального приоритета. 3 апреля на базе Железногорского горно- металлургического колледжа состоялось тематическое мероприятие «Цифровой щит: Федеральные законы в сфере информационной безопа
Дата поста (timestamp): 1775281078
>>> ОТКЛОНЁН (process_post вернул None)

Всего собрано записей до фильтрации по датам: 79
После фильтрации по датам: 79
